[debug] [2023-09-16T07:59:45.177Z] ----------------------------------------------------------------------
[debug] [2023-09-16T07:59:45.179Z] Command:       /usr/local/bin/node /Users/adam/WebstormProjects/expense-tracker/node_modules/.bin/firebase init
[debug] [2023-09-16T07:59:45.179Z] CLI Version:   12.5.4
[debug] [2023-09-16T07:59:45.179Z] Platform:      darwin
[debug] [2023-09-16T07:59:45.179Z] Node Version:  v17.1.0
[debug] [2023-09-16T07:59:45.181Z] Time:          Sat Sep 16 2023 00:59:45 GMT-0700 (Pacific Daylight Time)
[debug] [2023-09-16T07:59:45.181Z] ----------------------------------------------------------------------
[debug] 
[debug] [2023-09-16T07:59:45.184Z] >>> [apiv2][query] GET https://firebase-public.firebaseio.com/cli.json [none]
[debug] [2023-09-16T07:59:45.309Z] > command requires scopes: ["email","openid","https://www.googleapis.com/auth/cloudplatformprojects.readonly","https://www.googleapis.com/auth/firebase","https://www.googleapis.com/auth/cloud-platform"]
[debug] [2023-09-16T07:59:45.309Z] > authorizing via signed-in user (adammena22@gmail.com)
[info] 
     ######## #### ########  ######## ########     ###     ######  ########
     ##        ##  ##     ## ##       ##     ##  ##   ##  ##       ##
     ######    ##  ########  ######   ########  #########  ######  ######
     ##        ##  ##    ##  ##       ##     ## ##     ##       ## ##
     ##       #### ##     ## ######## ########  ##     ##  ######  ########

You're about to initialize a Firebase project in this directory:

  /Users/adam/WebstormProjects/expense-tracker

Before we get started, keep in mind:

  * You are initializing within an existing Firebase project directory

[debug] [2023-09-16T07:59:45.522Z] <<< [apiv2][status] GET https://firebase-public.firebaseio.com/cli.json 200
[debug] [2023-09-16T07:59:45.522Z] <<< [apiv2][body] GET https://firebase-public.firebaseio.com/cli.json {"cloudBuildErrorAfter":1594252800000,"cloudBuildWarnAfter":1590019200000,"defaultNode10After":1594252800000,"minVersion":"3.0.5","node8DeploysDisabledAfter":1613390400000,"node8RuntimeDisabledAfter":1615809600000,"node8WarnAfter":1600128000000}
[info] 
=== Project Setup
[info] 
[info] First, let's associate this project directory with a Firebase project.
[info] You can create multiple project aliases by running firebase use --add, 
[info] but for now we'll just set up a default project.
[info] 
[debug] [2023-09-16T08:00:20.852Z] Using project from CLI flag: expense-tracker-edfe2
[debug] [2023-09-16T08:00:20.852Z] > refreshing access token with scopes: []
[debug] [2023-09-16T08:00:20.853Z] >>> [apiv2][query] POST https://www.googleapis.com/oauth2/v3/token [none]
[debug] [2023-09-16T08:00:20.853Z] >>> [apiv2][body] POST https://www.googleapis.com/oauth2/v3/token [omitted]
[debug] [2023-09-16T08:00:21.034Z] <<< [apiv2][status] POST https://www.googleapis.com/oauth2/v3/token 200
[debug] [2023-09-16T08:00:21.035Z] <<< [apiv2][body] POST https://www.googleapis.com/oauth2/v3/token [omitted]
[debug] [2023-09-16T08:00:21.084Z] >>> [apiv2][query] GET https://firebase.googleapis.com/v1beta1/projects/expense-tracker-edfe2 [none]
[debug] [2023-09-16T08:00:21.338Z] <<< [apiv2][status] GET https://firebase.googleapis.com/v1beta1/projects/expense-tracker-edfe2 200
[debug] [2023-09-16T08:00:21.338Z] <<< [apiv2][body] GET https://firebase.googleapis.com/v1beta1/projects/expense-tracker-edfe2 {"projectId":"expense-tracker-edfe2","projectNumber":"605376336438","displayName":"Expense-Tracker","name":"projects/expense-tracker-edfe2","resources":{"hostingSite":"expense-tracker-edfe2","realtimeDatabaseInstance":"expense-tracker-edfe2-default-rtdb"},"state":"ACTIVE","etag":"1_2b586ddc-04df-422d-a856-d21fce63b803"}
[info] i  Using project expense-tracker-edfe2 (Expense-Tracker) 
[info] 
=== Hosting Setup
[info] 
[info] Your public directory is the folder (relative to your project directory) that
[info] will contain Hosting assets to be uploaded with firebase deploy. If you
[info] have a build process for your assets, use your build's output directory.
[info] 
[info] ✔  Wrote public/404.html 
[debug] [2023-09-16T08:02:42.741Z] >>> [apiv2][query] GET https://www.gstatic.com/firebasejs/releases.json [none]
[debug] [2023-09-16T08:02:42.884Z] <<< [apiv2][status] GET https://www.gstatic.com/firebasejs/releases.json 200
[debug] [2023-09-16T08:02:42.884Z] <<< [apiv2][body] GET https://www.gstatic.com/firebasejs/releases.json {"current":{"version":"10.4.0","browserURL":"https://www.gstatic.com/firebasejs/10.4.0/firebase.js","packageURL":"https://www.gstatic.com/firebasejs/10.4.0/firebase.tgz"},"live":{"version":"10.4","browserURL":"https://www.gstatic.com/firebasejs/live/10.4/firebase.js","packageURL":"https://www.gstatic.com/firebasejs/live/10.4/firebase.tgz"},"components":{"analytics":"https://www.gstatic.com/firebasejs/10.4.0/firebase-analytics.js","app":"https://www.gstatic.com/firebasejs/10.4.0/firebase-app.js","app-check":"https://www.gstatic.com/firebasejs/10.4.0/firebase-app-check.js","auth":"https://www.gstatic.com/firebasejs/10.4.0/firebase-auth.js","auth/cordova":"https://www.gstatic.com/firebasejs/10.4.0/firebase-auth/cordova.js","functions":"https://www.gstatic.com/firebasejs/10.4.0/firebase-functions.js","firestore":"https://www.gstatic.com/firebasejs/10.4.0/firebase-firestore.js","firestore/lite":"https://www.gstatic.com/firebasejs/10.4.0/firebase-firestore/lite.js","installations":"https://www.gstatic.com/firebasejs/10.4.0/firebase-installations.js","storage":"https://www.gstatic.com/firebasejs/10.4.0/firebase-storage.js","performance":"https://www.gstatic.com/firebasejs/10.4.0/firebase-performance.js","remote-config":"https://www.gstatic.com/firebasejs/10.4.0/firebase-remote-config.js","messaging":"https://www.gstatic.com/firebasejs/10.4.0/firebase-messaging.js","messaging/sw":"https://www.gstatic.com/firebasejs/10.4.0/firebase-messaging/sw.js","database":"https://www.gstatic.com/firebasejs/10.4.0/firebase-database.js","firestore.memory":"https://www.gstatic.com/firebasejs/10.4.0/firebase-firestore.memory.js"}}
[info] i  Skipping write of public/index.html 
[info] 
[info] i  Detected a .git folder at /Users/adam/WebstormProjects/expense-tracker 
[info] i  Authorizing with GitHub to upload your service account to a GitHub repository's secrets store. 
[info] 
[info] Visit this URL on this device to log in:
[info] https://github.com/login/oauth/authorize?client_id=89cf50f02ac6aaed3484&state=498323686&redirect_uri=http%3A%2F%2Flocalhost%3A9005&scope=read%3Auser%20repo%20public_repo
[info] 
[info] Waiting for authentication...
[debug] [2023-09-16T08:03:58.803Z] >>> [apiv2][query] POST https://github.com/login/oauth/access_token [none]
[debug] [2023-09-16T08:03:58.803Z] >>> [apiv2][body] POST https://github.com/login/oauth/access_token [stream]
[debug] [2023-09-16T08:03:59.256Z] <<< [apiv2][status] POST https://github.com/login/oauth/access_token 200
[debug] [2023-09-16T08:03:59.256Z] <<< [apiv2][body] POST https://github.com/login/oauth/access_token {"access_token":"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","token_type":"bearer","scope":"read:user,repo"}
[debug] [2023-09-16T08:03:59.264Z] >>> [apiv2][query] GET https://api.github.com/user [none]
[debug] [2023-09-16T08:03:59.577Z] <<< [apiv2][status] GET https://api.github.com/user 200
[debug] [2023-09-16T08:03:59.577Z] <<< [apiv2][body] GET https://api.github.com/user {"login":"AdamMena","id":57419853,"node_id":"MDQ6VXNlcjU3NDE5ODUz","avatar_url":"https://avatars.githubusercontent.com/u/57419853?v=4","gravatar_id":"","url":"https://api.github.com/users/AdamMena","html_url":"https://github.com/AdamMena","followers_url":"https://api.github.com/users/AdamMena/followers","following_url":"https://api.github.com/users/AdamMena/following{/other_user}","gists_url":"https://api.github.com/users/AdamMena/gists{/gist_id}","starred_url":"https://api.github.com/users/AdamMena/starred{/owner}{/repo}","subscriptions_url":"https://api.github.com/users/AdamMena/subscriptions","organizations_url":"https://api.github.com/users/AdamMena/orgs","repos_url":"https://api.github.com/users/AdamMena/repos","events_url":"https://api.github.com/users/AdamMena/events{/privacy}","received_events_url":"https://api.github.com/users/AdamMena/received_events","type":"User","site_admin":false,"name":null,"company":null,"blog":"","location":null,"email":null,"hireable":null,"bio":null,"twitter_username":null,"public_repos":0,"public_gists":0,"followers":0,"following":0,"created_at":"2019-11-05T22:36:22Z","updated_at":"2023-08-18T20:14:31Z","private_gists":0,"total_private_repos":1,"owned_private_repos":1,"disk_usage":0,"collaborators":0,"two_factor_authentication":false,"plan":{"name":"free","space":976562499,"collaborators":0,"private_repos":10000}}
[info] 
[info] ✔  Success! Logged into GitHub as AdamMena 
[info] 
